
                              NOTICE

   This software and ancillary information (herein called "software") named
   LAQGSM03.03 is made available under the terms described here. The software has
   been approved for release with associated LA-CC number LA-CC-09-087.

   Copyright (2009). Los Alamos National Security, LLC (LANS).
   This material was produced under U. S. Government contract
   DE-AC52-06NA25396 at Los Alamos National Laboratory, which is operated
   by LANS for the National Nuclear Security Agency of the U. S. Department of Energy.
   The U. S. Government has rights to use, reproduce, and distribute
   this software. NEITHER THE GOVERNMENT NOR LANS MAKES ANY
   WARRANTY, EXPRESS OR IMPLIED OR ASSUMES ANY LIABILITY FOR THE USE
   OF THIS SOFTWARE.

   Primary authors of LAQGSM03.03 are: K. K. Gudima (LANL consultant),
   S. G. Mashnik (LANL), and A. J. Sierk (LANL); with important contributions
   from R. E. Prael (LANL),
   -------------------------------------------------------------------------------

pBe.l.out                                                   
pBe.l.10.aux                                                
pBe.l.11.aux                                                
atab.dat                                                    
mass.tbl                                                    
level.tbl                                                   
shell.tbl                                                   
channel1.tab                                                
 JG=          -1  STAT=new 
  PROGRAM VERSION FROM  09/17/ 2009


 RM48 initialized:  54217137           0         0

 ANUCL1=  1. ANUCL2=  9.
 ZNUCL1=  1. ZNUCL2=  4.
 T0=  3.000GEV/NUCLEON
 EPS1=0.007 EPS2=0.007 VPI=0.025
 C1=0.545 C2=0.545 D1=0.05 D2=0.05
 R0N1=1.07 R0N2=2.45
  DELTA=1.3
 STIN= 0. AMIN= 0.938


     XBMAX = 1.000
     RCOR  = 0.000
     RINT  = 0.000
     RN    = 0.200
     PIDABS= 0.010
     MMES  =   0.700
     MBAR  =   0.000
     IFIB0 =  1
     KOBR  =  0
     INDINT=  1
     INTCC =  2

  KSYST= 1  IACT= 2  INDDEC= 0  ISOB2= 1  ISOB3= 1  NCPRI= 999999999
  IW10= 0 IFSPE= 1

   LABORATORY   SYSTEM

  TIMGO=9000.  TLIMIT=   100.


   GEOMETR. CROSS SECTION=    983.799886 MB (   565.692069 )


          START NZON=     1 NCAS=        0 INTEL=        0
 13  1
  Precompound emission is included: sigpre=  0.40000000596046448     
   a_f(CEM)/a_f(RAL)   =    1.0000000000000000        1.0000000000000000     
   C(Z)[CEM]/C(Z)[RAL] =    1.0000000000000000        1.0000000000000000     
   nevtype =           66

                    CASCAD  +COALES +PRECOMP+FERMI  
                    LAB.SYSTEM

          GEOMETR. CROSS SECTION=    983.799886 mb    565.692069 mb 

     Ncas=10000000 Selected Ncas=10000000 INTel=   31971399
     INEL. CROSS SECTION = 0.234398E+03 mb

          FISSION  Probabilities Projectile= 0.000000E+00 Target= 0.000000E+00

 FISSION  CROSS  SECTIONS(direct  ) SIGFISP=     0.000000+-     0.000000 SIGFIST=     0.000000+-     0.000000

 FISSION  CROSS  SECTIONS(weighted) SIGFISP=     0.000000 SIGFIST=     0.000000
     Selected particle multiplicity
        preco      evapor     Fermi   casc+coales   summ   
  n   0.0000E+00 0.0000E+00 9.7366E-02 0.0000E+00 9.7366E-02
  p   0.0000E+00 0.0000E+00 2.3405E-02 0.0000E+00 2.3405E-02
  d   0.0000E+00 0.0000E+00 0.0000E+00 0.0000E+00 0.0000E+00
  t   0.0000E+00 0.0000E+00 0.0000E+00 0.0000E+00 0.0000E+00
 He-3 0.0000E+00 0.0000E+00 1.1820E-04 0.0000E+00 1.1820E-04
 He-4 0.0000E+00 0.0000E+00 0.0000E+00 0.0000E+00 0.0000E+00
 pi-  0.0000E+00 0.0000E+00 0.0000E+00 3.5014E-01 3.5014E-01
 pi+  0.0000E+00 0.0000E+00 0.0000E+00 5.1465E-01 5.1465E-01
 pi0  0.0000E+00 0.0000E+00 0.0000E+00 6.3289E-01 6.3289E-01

          Multiplicity of produced particles
      He6        Li6        Li7        Be7        Be9        Be10         B8         B10        B11        C10    C11     
  1.8441E-02 7.4946E-02 9.7366E-02 2.3405E-02 0.0000E+00 0.0000E+00 1.1820E-04 0.0000E+00 0.0000E+00 0.0000E+00 0.0000E+00

          Spectra ( dS/dT/dO ) of produced particles at theta= 17.00+/-  5.00
  T(GeV)      He6        Li6        Li7        Be7        Be9        Be10         B8         B10        B11        C10    C11     
   0.0010 3.1732E+01 2.1737E+02 5.1247E+02 8.9158E+01 0.0000E+00 0.0000E+00 2.5620E-01 0.0000E+00 0.0000E+00 0.0000E+00 0.0000E+00
   0.0030 4.1248E+01 1.9782E+02 2.0137E+02 7.2944E+01 0.0000E+00 0.0000E+00 1.4640E-01 0.0000E+00 0.0000E+00 0.0000E+00 0.0000E+00
   0.0050 3.4294E+01 1.0512E+02 7.3603E+01 2.6901E+01 0.0000E+00 0.0000E+00 2.5620E-01 0.0000E+00 0.0000E+00 0.0000E+00 0.0000E+00
   0.0070 2.3717E+01 5.9695E+01 3.2940E+01 1.1419E+01 0.0000E+00 0.0000E+00 2.5620E-01 0.0000E+00 0.0000E+00 0.0000E+00 0.0000E+00
   0.0090 1.1785E+01 3.5905E+01 1.6250E+01 5.0508E+00 0.0000E+00 0.0000E+00 1.0980E-01 0.0000E+00 0.0000E+00 0.0000E+00 0.0000E+00
   0.0110 7.6494E+00 2.4742E+01 8.3814E+00 3.3672E+00 0.0000E+00 0.0000E+00 3.6600E-02 0.0000E+00 0.0000E+00 0.0000E+00 0.0000E+00
   0.0130 4.6482E+00 1.5592E+01 4.3554E+00 1.7934E+00 0.0000E+00 0.0000E+00 0.0000E+00 0.0000E+00 0.0000E+00 0.0000E+00 0.0000E+00
   0.0150 3.2940E+00 1.1053E+01 2.8548E+00 1.4274E+00 0.0000E+00 0.0000E+00 0.0000E+00 0.0000E+00 0.0000E+00 0.0000E+00 0.0000E+00
   0.0170 1.7568E+00 6.2586E+00 1.4274E+00 7.6860E-01 0.0000E+00 0.0000E+00 3.6600E-02 0.0000E+00 0.0000E+00 0.0000E+00 0.0000E+00
   0.0190 1.3542E+00 4.3554E+00 1.2078E+00 6.2220E-01 0.0000E+00 0.0000E+00 0.0000E+00 0.0000E+00 0.0000E+00 0.0000E+00 0.0000E+00
   0.0225 6.2952E-01 2.7670E+00 4.5384E-01 2.7816E-01 0.0000E+00 0.0000E+00 1.4640E-02 0.0000E+00 0.0000E+00 0.0000E+00 0.0000E+00
   0.0275 2.4888E-01 1.2005E+00 2.4888E-01 1.0248E-01 0.0000E+00 0.0000E+00 0.0000E+00 0.0000E+00 0.0000E+00 0.0000E+00 0.0000E+00
   0.0325 2.0496E-01 6.0024E-01 1.1712E-01 2.9280E-02 0.0000E+00 0.0000E+00 0.0000E+00 0.0000E+00 0.0000E+00 0.0000E+00 0.0000E+00
   0.0375 7.3200E-02 2.7816E-01 1.4640E-02 4.3920E-02 0.0000E+00 0.0000E+00 0.0000E+00 0.0000E+00 0.0000E+00 0.0000E+00 0.0000E+00
   0.0425 2.9280E-02 1.3176E-01 1.4640E-02 1.4640E-02 0.0000E+00 0.0000E+00 0.0000E+00 0.0000E+00 0.0000E+00 0.0000E+00 0.0000E+00
   0.0475 2.9280E-02 7.3200E-02 0.0000E+00 2.9280E-02 0.0000E+00 0.0000E+00 0.0000E+00 0.0000E+00 0.0000E+00 0.0000E+00 0.0000E+00
   0.0525 4.3920E-02 2.9280E-02 0.0000E+00 0.0000E+00 0.0000E+00 0.0000E+00 0.0000E+00 0.0000E+00 0.0000E+00 0.0000E+00 0.0000E+00
   0.0625 0.0000E+00 1.4640E-02 0.0000E+00 0.0000E+00 0.0000E+00 0.0000E+00 0.0000E+00 0.0000E+00 0.0000E+00 0.0000E+00 0.0000E+00
   0.0675 0.0000E+00 1.4640E-02 0.0000E+00 0.0000E+00 0.0000E+00 0.0000E+00 0.0000E+00 0.0000E+00 0.0000E+00 0.0000E+00 0.0000E+00
   0.0775 0.0000E+00 1.4640E-02 0.0000E+00 0.0000E+00 0.0000E+00 0.0000E+00 0.0000E+00 0.0000E+00 0.0000E+00 0.0000E+00 0.0000E+00

          Spectra ( dS/dT/dO ) of produced particles at theta= 32.00+/-  5.00
  T(GeV)      He6        Li6        Li7        Be7        Be9        Be10         B8         B10        B11        C10    C11     
   0.0010 3.3501E+01 2.1615E+02 5.0160E+02 9.0204E+01 0.0000E+00 0.0000E+00 2.2213E-01 0.0000E+00 0.0000E+00 0.0000E+00 0.0000E+00
   0.0030 4.0932E+01 1.9588E+02 2.0500E+02 7.2615E+01 0.0000E+00 0.0000E+00 2.2213E-01 0.0000E+00 0.0000E+00 0.0000E+00 0.0000E+00
   0.0050 3.3864E+01 1.0438E+02 7.1949E+01 2.7503E+01 0.0000E+00 0.0000E+00 2.4232E-01 0.0000E+00 0.0000E+00 0.0000E+00 0.0000E+00
   0.0070 2.2960E+01 6.0297E+01 3.1946E+01 1.1349E+01 0.0000E+00 0.0000E+00 2.2213E-01 0.0000E+00 0.0000E+00 0.0000E+00 0.0000E+00
   0.0090 1.2520E+01 3.8004E+01 1.5690E+01 5.8157E+00 0.0000E+00 0.0000E+00 1.0097E-01 0.0000E+00 0.0000E+00 0.0000E+00 0.0000E+00
   0.0110 7.0273E+00 2.5969E+01 7.9158E+00 3.1098E+00 0.0000E+00 0.0000E+00 8.0773E-02 0.0000E+00 0.0000E+00 0.0000E+00 0.0000E+00
   0.0130 4.2810E+00 1.7326E+01 4.6041E+00 2.0193E+00 0.0000E+00 0.0000E+00 2.0193E-02 0.0000E+00 0.0000E+00 0.0000E+00 0.0000E+00
   0.0150 2.6857E+00 9.7938E+00 2.6857E+00 1.1712E+00 0.0000E+00 0.0000E+00 0.0000E+00 0.0000E+00 0.0000E+00 0.0000E+00 0.0000E+00
   0.0170 1.9789E+00 6.1186E+00 1.4741E+00 6.6638E-01 0.0000E+00 0.0000E+00 4.0387E-02 0.0000E+00 0.0000E+00 0.0000E+00 0.0000E+00
   0.0190 1.1510E+00 4.1598E+00 1.0702E+00 5.4522E-01 0.0000E+00 0.0000E+00 0.0000E+00 0.0000E+00 0.0000E+00 0.0000E+00 0.0000E+00
   0.0225 6.7850E-01 2.5686E+00 7.1888E-01 3.6348E-01 0.0000E+00 0.0000E+00 8.0773E-03 0.0000E+00 0.0000E+00 0.0000E+00 0.0000E+00
   0.0275 3.8771E-01 1.3247E+00 2.6655E-01 1.2924E-01 0.0000E+00 0.0000E+00 0.0000E+00 0.0000E+00 0.0000E+00 0.0000E+00 0.0000E+00
   0.0325 1.6155E-01 4.9272E-01 8.8851E-02 8.8851E-02 0.0000E+00 0.0000E+00 0.0000E+00 0.0000E+00 0.0000E+00 0.0000E+00 0.0000E+00
   0.0375 1.2116E-01 2.2617E-01 5.6541E-02 3.2309E-02 0.0000E+00 0.0000E+00 0.0000E+00 0.0000E+00 0.0000E+00 0.0000E+00 0.0000E+00
   0.0425 1.0501E-01 1.1308E-01 1.6155E-02 8.0773E-03 0.0000E+00 0.0000E+00 0.0000E+00 0.0000E+00 0.0000E+00 0.0000E+00 0.0000E+00
   0.0475 1.6155E-02 5.6541E-02 8.0773E-03 8.0773E-03 0.0000E+00 0.0000E+00 0.0000E+00 0.0000E+00 0.0000E+00 0.0000E+00 0.0000E+00
   0.0525 0.0000E+00 7.2696E-02 0.0000E+00 8.0773E-03 0.0000E+00 0.0000E+00 0.0000E+00 0.0000E+00 0.0000E+00 0.0000E+00 0.0000E+00
   0.0575 1.6155E-02 1.6155E-02 0.0000E+00 1.6155E-02 0.0000E+00 0.0000E+00 0.0000E+00 0.0000E+00 0.0000E+00 0.0000E+00 0.0000E+00
   0.0725 8.0773E-03 0.0000E+00 0.0000E+00 0.0000E+00 0.0000E+00 0.0000E+00 0.0000E+00 0.0000E+00 0.0000E+00 0.0000E+00 0.0000E+00
   0.0775 0.0000E+00 8.0773E-03 0.0000E+00 0.0000E+00 0.0000E+00 0.0000E+00 0.0000E+00 0.0000E+00 0.0000E+00 0.0000E+00 0.0000E+00

          Spectra ( dS/dT/dO ) of produced particles at theta= 12.00+/-  5.00
  T(GeV)      He6        Li6        Li7        Be7        Be9        Be10         B8         B10        B11        C10    C11     
   0.0010 3.1756E+01 2.1653E+02 5.0387E+02 9.2128E+01 0.0000E+00 0.0000E+00 3.6028E-01 0.0000E+00 0.0000E+00 0.0000E+00 0.0000E+00
   0.0030 4.2770E+01 1.9357E+02 1.9604E+02 7.2467E+01 0.0000E+00 0.0000E+00 2.5734E-01 0.0000E+00 0.0000E+00 0.0000E+00 0.0000E+00
   0.0050 3.3918E+01 1.0659E+02 7.7202E+01 2.5631E+01 0.0000E+00 0.0000E+00 2.0587E-01 0.0000E+00 0.0000E+00 0.0000E+00 0.0000E+00
   0.0070 2.3675E+01 5.9497E+01 3.2940E+01 1.2610E+01 0.0000E+00 0.0000E+00 2.5734E-01 0.0000E+00 0.0000E+00 0.0000E+00 0.0000E+00
   0.0090 1.1889E+01 3.6697E+01 1.5595E+01 5.5586E+00 0.0000E+00 0.0000E+00 1.5440E-01 0.0000E+00 0.0000E+00 0.0000E+00 0.0000E+00
   0.0110 7.0511E+00 2.5271E+01 8.9555E+00 3.4998E+00 0.0000E+00 0.0000E+00 1.5440E-01 0.0000E+00 0.0000E+00 0.0000E+00 0.0000E+00
   0.0130 4.3233E+00 1.6418E+01 4.1689E+00 2.0073E+00 0.0000E+00 0.0000E+00 5.1468E-02 0.0000E+00 0.0000E+00 0.0000E+00 0.0000E+00
   0.0150 2.7278E+00 1.0139E+01 2.4705E+00 1.3896E+00 0.0000E+00 0.0000E+00 0.0000E+00 0.0000E+00 0.0000E+00 0.0000E+00 0.0000E+00
   0.0170 1.9043E+00 7.1026E+00 1.5955E+00 8.2349E-01 0.0000E+00 0.0000E+00 0.0000E+00 0.0000E+00 0.0000E+00 0.0000E+00 0.0000E+00
   0.0190 1.5440E+00 3.7572E+00 1.6470E+00 4.6321E-01 0.0000E+00 0.0000E+00 5.1468E-02 0.0000E+00 0.0000E+00 0.0000E+00 0.0000E+00
   0.0225 8.8525E-01 2.6763E+00 6.1762E-01 2.8822E-01 0.0000E+00 0.0000E+00 2.0587E-02 0.0000E+00 0.0000E+00 0.0000E+00 0.0000E+00
   0.0275 3.9116E-01 1.1941E+00 1.2352E-01 2.0587E-01 0.0000E+00 0.0000E+00 0.0000E+00 0.0000E+00 0.0000E+00 0.0000E+00 0.0000E+00
   0.0325 1.2352E-01 6.5879E-01 6.1762E-02 8.2349E-02 0.0000E+00 0.0000E+00 0.0000E+00 0.0000E+00 0.0000E+00 0.0000E+00 0.0000E+00
   0.0375 1.0294E-01 1.2352E-01 4.1175E-02 6.1762E-02 0.0000E+00 0.0000E+00 0.0000E+00 0.0000E+00 0.0000E+00 0.0000E+00 0.0000E+00
   0.0425 4.1175E-02 2.0587E-01 0.0000E+00 0.0000E+00 0.0000E+00 0.0000E+00 0.0000E+00 0.0000E+00 0.0000E+00 0.0000E+00 0.0000E+00
   0.0475 2.0587E-02 6.1762E-02 0.0000E+00 0.0000E+00 0.0000E+00 0.0000E+00 0.0000E+00 0.0000E+00 0.0000E+00 0.0000E+00 0.0000E+00
   0.0525 4.1175E-02 0.0000E+00 0.0000E+00 0.0000E+00 0.0000E+00 0.0000E+00 0.0000E+00 0.0000E+00 0.0000E+00 0.0000E+00 0.0000E+00
   0.0625 0.0000E+00 6.1762E-02 0.0000E+00 0.0000E+00 0.0000E+00 0.0000E+00 0.0000E+00 0.0000E+00 0.0000E+00 0.0000E+00 0.0000E+00
   0.0675 0.0000E+00 4.1175E-02 0.0000E+00 0.0000E+00 0.0000E+00 0.0000E+00 0.0000E+00 0.0000E+00 0.0000E+00 0.0000E+00 0.0000E+00

          Spectra ( dS/dT/dO ) of produced particles at theta= 82.00+/-  5.00
  T(GeV)      He6        Li6        Li7        Be7        Be9        Be10         B8         B10        B11        C10    C11     
   0.0010 3.4341E+01 2.2148E+02 5.2241E+02 9.3580E+01 0.0000E+00 0.0000E+00 6.0514E-01 0.0000E+00 0.0000E+00 0.0000E+00 0.0000E+00
   0.0030 4.2911E+01 2.0584E+02 2.0509E+02 7.6733E+01 0.0000E+00 0.0000E+00 7.0239E-01 0.0000E+00 0.0000E+00 0.0000E+00 0.0000E+00
   0.0050 3.7151E+01 1.0851E+02 7.5718E+01 2.8290E+01 0.0000E+00 0.0000E+00 4.7546E-01 0.0000E+00 0.0000E+00 0.0000E+00 0.0000E+00
   0.0070 2.5362E+01 6.2761E+01 3.3553E+01 1.0482E+01 0.0000E+00 0.0000E+00 2.5934E-01 0.0000E+00 0.0000E+00 0.0000E+00 0.0000E+00
   0.0090 1.3799E+01 3.7745E+01 1.5031E+01 4.4413E+00 0.0000E+00 0.0000E+00 1.9451E-01 0.0000E+00 0.0000E+00 0.0000E+00 0.0000E+00
   0.0110 7.3373E+00 2.3319E+01 6.6889E+00 2.7447E+00 0.0000E+00 0.0000E+00 9.7254E-02 0.0000E+00 0.0000E+00 0.0000E+00 0.0000E+00
   0.0130 4.5169E+00 1.3864E+01 4.2468E+00 1.6641E+00 0.0000E+00 0.0000E+00 5.4030E-02 0.0000E+00 0.0000E+00 0.0000E+00 0.0000E+00
   0.0150 2.7879E+00 9.0662E+00 2.1396E+00 1.0806E+00 0.0000E+00 0.0000E+00 4.3224E-02 0.0000E+00 0.0000E+00 0.0000E+00 0.0000E+00
   0.0170 1.6209E+00 5.3814E+00 1.4912E+00 6.0514E-01 0.0000E+00 0.0000E+00 3.2418E-02 0.0000E+00 0.0000E+00 0.0000E+00 0.0000E+00
   0.0190 1.0698E+00 3.4687E+00 9.1851E-01 4.1063E-01 0.0000E+00 0.0000E+00 1.0806E-02 0.0000E+00 0.0000E+00 0.0000E+00 0.0000E+00
   0.0225 5.0140E-01 1.8759E+00 5.1869E-01 2.2476E-01 0.0000E+00 0.0000E+00 0.0000E+00 0.0000E+00 0.0000E+00 0.0000E+00 0.0000E+00
   0.0275 2.4638E-01 8.2126E-01 1.9019E-01 1.0806E-01 0.0000E+00 0.0000E+00 0.0000E+00 0.0000E+00 0.0000E+00 0.0000E+00 0.0000E+00
   0.0325 1.1238E-01 4.2792E-01 5.6191E-02 1.7290E-02 0.0000E+00 0.0000E+00 0.0000E+00 0.0000E+00 0.0000E+00 0.0000E+00 0.0000E+00
   0.0375 5.6191E-02 1.7722E-01 1.2967E-02 2.1612E-02 0.0000E+00 0.0000E+00 0.0000E+00 0.0000E+00 0.0000E+00 0.0000E+00 0.0000E+00
   0.0425 3.4579E-02 7.7803E-02 8.6448E-03 4.3224E-03 0.0000E+00 0.0000E+00 0.0000E+00 0.0000E+00 0.0000E+00 0.0000E+00 0.0000E+00
   0.0475 1.2967E-02 3.8902E-02 4.3224E-03 4.3224E-03 0.0000E+00 0.0000E+00 0.0000E+00 0.0000E+00 0.0000E+00 0.0000E+00 0.0000E+00
   0.0525 4.3224E-03 2.1612E-02 4.3224E-03 0.0000E+00 0.0000E+00 0.0000E+00 0.0000E+00 0.0000E+00 0.0000E+00 0.0000E+00 0.0000E+00
   0.0575 0.0000E+00 0.0000E+00 0.0000E+00 4.3224E-03 0.0000E+00 0.0000E+00 0.0000E+00 0.0000E+00 0.0000E+00 0.0000E+00 0.0000E+00
   0.0625 4.3224E-03 8.6448E-03 0.0000E+00 0.0000E+00 0.0000E+00 0.0000E+00 0.0000E+00 0.0000E+00 0.0000E+00 0.0000E+00 0.0000E+00
   0.0875 0.0000E+00 4.3224E-03 0.0000E+00 0.0000E+00 0.0000E+00 0.0000E+00 0.0000E+00 0.0000E+00 0.0000E+00 0.0000E+00 0.0000E+00

          Spectra ( dS/dT/dO ) of produced particles at theta= 90.00+/-  5.00
  T(GeV)      He6        Li6        Li7        Be7        Be9        Be10         B8         B10        B11        C10    C11     
   0.0010 3.3643E+01 2.2099E+02 5.2906E+02 9.3022E+01 0.0000E+00 0.0000E+00 4.7084E-01 0.0000E+00 0.0000E+00 0.0000E+00 0.0000E+00
   0.0030 4.3370E+01 2.0996E+02 2.1051E+02 7.8951E+01 0.0000E+00 0.0000E+00 6.3135E-01 0.0000E+00 0.0000E+00 0.0000E+00 0.0000E+00
   0.0050 3.7806E+01 1.0767E+02 7.6693E+01 2.7576E+01 0.0000E+00 0.0000E+00 3.7453E-01 0.0000E+00 0.0000E+00 0.0000E+00 0.0000E+00
   0.0070 2.4944E+01 6.1294E+01 3.2852E+01 9.9411E+00 0.0000E+00 0.0000E+00 1.9261E-01 0.0000E+00 0.0000E+00 0.0000E+00 0.0000E+00
   0.0090 1.3729E+01 3.7271E+01 1.4093E+01 4.2803E+00 0.0000E+00 0.0000E+00 1.2841E-01 0.0000E+00 0.0000E+00 0.0000E+00 0.0000E+00
   0.0110 7.0518E+00 2.3446E+01 5.8106E+00 2.6859E+00 0.0000E+00 0.0000E+00 4.2803E-02 0.0000E+00 0.0000E+00 0.0000E+00 0.0000E+00
   0.0130 4.1840E+00 1.3216E+01 3.4243E+00 1.4981E+00 0.0000E+00 0.0000E+00 7.4906E-02 0.0000E+00 0.0000E+00 0.0000E+00 0.0000E+00
   0.0150 2.5682E+00 8.7105E+00 2.0653E+00 9.2027E-01 0.0000E+00 0.0000E+00 2.1402E-02 0.0000E+00 0.0000E+00 0.0000E+00 0.0000E+00
   0.0170 1.4874E+00 5.3397E+00 1.4981E+00 5.8855E-01 0.0000E+00 0.0000E+00 0.0000E+00 0.0000E+00 0.0000E+00 0.0000E+00 0.0000E+00
   0.0190 6.9555E-01 3.2102E+00 8.0256E-01 4.7084E-01 0.0000E+00 0.0000E+00 1.0701E-02 0.0000E+00 0.0000E+00 0.0000E+00 0.0000E+00
   0.0225 4.2375E-01 1.6094E+00 4.5372E-01 1.6265E-01 0.0000E+00 0.0000E+00 0.0000E+00 0.0000E+00 0.0000E+00 0.0000E+00 0.0000E+00
   0.0275 1.7121E-01 6.8913E-01 1.2413E-01 8.1326E-02 0.0000E+00 0.0000E+00 0.0000E+00 0.0000E+00 0.0000E+00 0.0000E+00 0.0000E+00
   0.0325 5.5644E-02 2.8250E-01 6.4205E-02 2.9962E-02 0.0000E+00 0.0000E+00 0.0000E+00 0.0000E+00 0.0000E+00 0.0000E+00 0.0000E+00
   0.0375 3.8523E-02 1.5837E-01 2.9962E-02 0.0000E+00 0.0000E+00 0.0000E+00 0.0000E+00 0.0000E+00 0.0000E+00 0.0000E+00 0.0000E+00
   0.0425 2.1402E-02 5.9925E-02 0.0000E+00 8.5607E-03 0.0000E+00 0.0000E+00 0.0000E+00 0.0000E+00 0.0000E+00 0.0000E+00 0.0000E+00
   0.0475 8.5607E-03 2.9962E-02 0.0000E+00 0.0000E+00 0.0000E+00 0.0000E+00 0.0000E+00 0.0000E+00 0.0000E+00 0.0000E+00 0.0000E+00
   0.0525 0.0000E+00 1.2841E-02 0.0000E+00 0.0000E+00 0.0000E+00 0.0000E+00 0.0000E+00 0.0000E+00 0.0000E+00 0.0000E+00 0.0000E+00
   0.0625 0.0000E+00 8.5607E-03 0.0000E+00 0.0000E+00 0.0000E+00 0.0000E+00 0.0000E+00 0.0000E+00 0.0000E+00 0.0000E+00 0.0000E+00
   0.0675 0.0000E+00 8.5607E-03 0.0000E+00 0.0000E+00 0.0000E+00 0.0000E+00 0.0000E+00 0.0000E+00 0.0000E+00 0.0000E+00 0.0000E+00
   0.0825 0.0000E+00 4.2803E-03 0.0000E+00 0.0000E+00 0.0000E+00 0.0000E+00 0.0000E+00 0.0000E+00 0.0000E+00 0.0000E+00 0.0000E+00
   0.0875 0.0000E+00 4.2803E-03 0.0000E+00 0.0000E+00 0.0000E+00 0.0000E+00 0.0000E+00 0.0000E+00 0.0000E+00 0.0000E+00 0.0000E+00

          Spectra ( dS/dT/dO ) of produced particles at theta= 60.00+/-  5.00
  T(GeV)      He6        Li6        Li7        Be7        Be9        Be10         B8         B10        B11        C10    C11     
   0.0010 3.3473E+01 2.2198E+02 5.1065E+02 9.1671E+01 0.0000E+00 0.0000E+00 3.8304E-01 0.0000E+00 0.0000E+00 0.0000E+00 0.0000E+00
   0.0030 4.2370E+01 2.0456E+02 2.0435E+02 7.6498E+01 0.0000E+00 0.0000E+00 4.4483E-01 0.0000E+00 0.0000E+00 0.0000E+00 0.0000E+00
   0.0050 3.5314E+01 1.0615E+02 7.4595E+01 2.7134E+01 0.0000E+00 0.0000E+00 2.9655E-01 0.0000E+00 0.0000E+00 0.0000E+00 0.0000E+00
   0.0070 2.3329E+01 6.2473E+01 3.3362E+01 1.1145E+01 0.0000E+00 0.0000E+00 2.4713E-01 0.0000E+00 0.0000E+00 0.0000E+00 0.0000E+00
   0.0090 1.2813E+01 3.9837E+01 1.5396E+01 5.4120E+00 0.0000E+00 0.0000E+00 1.3592E-01 0.0000E+00 0.0000E+00 0.0000E+00 0.0000E+00
   0.0110 7.0554E+00 2.3786E+01 7.7721E+00 2.9779E+00 0.0000E+00 0.0000E+00 1.1121E-01 0.0000E+00 0.0000E+00 0.0000E+00 0.0000E+00
   0.0130 4.5965E+00 1.4914E+01 4.4853E+00 1.8534E+00 0.0000E+00 0.0000E+00 6.1781E-02 0.0000E+00 0.0000E+00 0.0000E+00 0.0000E+00
   0.0150 2.9037E+00 9.0324E+00 2.7184E+00 1.0997E+00 0.0000E+00 0.0000E+00 2.4713E-02 0.0000E+00 0.0000E+00 0.0000E+00 0.0000E+00
   0.0170 1.7546E+00 5.9681E+00 1.6063E+00 6.7959E-01 0.0000E+00 0.0000E+00 4.9425E-02 0.0000E+00 0.0000E+00 0.0000E+00 0.0000E+00
   0.0190 1.2480E+00 3.8428E+00 1.2480E+00 6.7959E-01 0.0000E+00 0.0000E+00 1.2356E-02 0.0000E+00 0.0000E+00 0.0000E+00 0.0000E+00
   0.0225 6.2770E-01 2.2785E+00 6.6724E-01 2.8667E-01 0.0000E+00 0.0000E+00 4.9425E-03 0.0000E+00 0.0000E+00 0.0000E+00 0.0000E+00
   0.0275 2.9161E-01 1.0083E+00 2.1747E-01 7.9080E-02 0.0000E+00 0.0000E+00 0.0000E+00 0.0000E+00 0.0000E+00 0.0000E+00 0.0000E+00
   0.0325 9.8850E-02 5.2885E-01 6.9195E-02 4.9425E-02 0.0000E+00 0.0000E+00 0.0000E+00 0.0000E+00 0.0000E+00 0.0000E+00 0.0000E+00
   0.0375 4.4483E-02 2.5701E-01 3.4598E-02 2.9655E-02 0.0000E+00 0.0000E+00 0.0000E+00 0.0000E+00 0.0000E+00 0.0000E+00 0.0000E+00
   0.0425 3.9540E-02 9.3908E-02 1.9770E-02 9.8850E-03 0.0000E+00 0.0000E+00 0.0000E+00 0.0000E+00 0.0000E+00 0.0000E+00 0.0000E+00
   0.0475 9.8850E-03 8.4023E-02 4.9425E-03 4.9425E-03 0.0000E+00 0.0000E+00 0.0000E+00 0.0000E+00 0.0000E+00 0.0000E+00 0.0000E+00
   0.0525 1.4828E-02 3.9540E-02 0.0000E+00 0.0000E+00 0.0000E+00 0.0000E+00 0.0000E+00 0.0000E+00 0.0000E+00 0.0000E+00 0.0000E+00
   0.0575 9.8850E-03 9.8850E-03 4.9425E-03 0.0000E+00 0.0000E+00 0.0000E+00 0.0000E+00 0.0000E+00 0.0000E+00 0.0000E+00 0.0000E+00
   0.0625 0.0000E+00 1.4828E-02 0.0000E+00 4.9425E-03 0.0000E+00 0.0000E+00 0.0000E+00 0.0000E+00 0.0000E+00 0.0000E+00 0.0000E+00
   0.0725 0.0000E+00 4.9425E-03 0.0000E+00 0.0000E+00 0.0000E+00 0.0000E+00 0.0000E+00 0.0000E+00 0.0000E+00 0.0000E+00 0.0000E+00
   0.1050 0.0000E+00 2.4713E-03 0.0000E+00 0.0000E+00 0.0000E+00 0.0000E+00 0.0000E+00 0.0000E+00 0.0000E+00 0.0000E+00 0.0000E+00

          Spectra ( dS/dT/dO ) of produced particles at theta= 30.00+/-  5.00
  T(GeV)      He6        Li6        Li7        Be7        Be9        Be10         B8         B10        B11        C10    C11     
   0.0010 3.3857E+01 2.1736E+02 4.9979E+02 9.0893E+01 0.0000E+00 0.0000E+00 2.7822E-01 0.0000E+00 0.0000E+00 0.0000E+00 0.0000E+00
   0.0030 4.1048E+01 1.9572E+02 2.0546E+02 7.1888E+01 0.0000E+00 0.0000E+00 2.3542E-01 0.0000E+00 0.0000E+00 0.0000E+00 0.0000E+00
   0.0050 3.4328E+01 1.0232E+02 7.2059E+01 2.7437E+01 0.0000E+00 0.0000E+00 2.3542E-01 0.0000E+00 0.0000E+00 0.0000E+00 0.0000E+00
   0.0070 2.3135E+01 6.0931E+01 3.2466E+01 1.0829E+01 0.0000E+00 0.0000E+00 2.9962E-01 0.0000E+00 0.0000E+00 0.0000E+00 0.0000E+00
   0.0090 1.3141E+01 3.7753E+01 1.5773E+01 5.6714E+00 0.0000E+00 0.0000E+00 1.0701E-01 0.0000E+00 0.0000E+00 0.0000E+00 0.0000E+00
   0.0110 7.4478E+00 2.6517E+01 7.6190E+00 2.9320E+00 0.0000E+00 0.0000E+00 8.5607E-02 0.0000E+00 0.0000E+00 0.0000E+00 0.0000E+00
   0.0130 4.3873E+00 1.6394E+01 4.6442E+00 1.9690E+00 0.0000E+00 0.0000E+00 2.1402E-02 0.0000E+00 0.0000E+00 0.0000E+00 0.0000E+00
   0.0150 2.6752E+00 9.8662E+00 2.7394E+00 1.3055E+00 0.0000E+00 0.0000E+00 0.0000E+00 0.0000E+00 0.0000E+00 0.0000E+00 0.0000E+00
   0.0170 2.1402E+00 6.2279E+00 1.4981E+00 8.1326E-01 0.0000E+00 0.0000E+00 4.2803E-02 0.0000E+00 0.0000E+00 0.0000E+00 0.0000E+00
   0.0190 1.1985E+00 4.1091E+00 1.1985E+00 4.0663E-01 0.0000E+00 0.0000E+00 0.0000E+00 0.0000E+00 0.0000E+00 0.0000E+00 0.0000E+00
   0.0225 7.0197E-01 2.6966E+00 6.2493E-01 3.9379E-01 0.0000E+00 0.0000E+00 8.5607E-03 0.0000E+00 0.0000E+00 0.0000E+00 0.0000E+00
   0.0275 3.5955E-01 1.2670E+00 2.2258E-01 1.3697E-01 0.0000E+00 0.0000E+00 0.0000E+00 0.0000E+00 0.0000E+00 0.0000E+00 0.0000E+00
   0.0325 1.7121E-01 4.7084E-01 7.7046E-02 5.9925E-02 0.0000E+00 0.0000E+00 8.5607E-03 0.0000E+00 0.0000E+00 0.0000E+00 0.0000E+00
   0.0375 1.1985E-01 2.3970E-01 5.1364E-02 2.5682E-02 0.0000E+00 0.0000E+00 0.0000E+00 0.0000E+00 0.0000E+00 0.0000E+00 0.0000E+00
   0.0425 8.5607E-02 1.1129E-01 1.7121E-02 1.7121E-02 0.0000E+00 0.0000E+00 0.0000E+00 0.0000E+00 0.0000E+00 0.0000E+00 0.0000E+00
   0.0475 8.5607E-03 5.1364E-02 0.0000E+00 8.5607E-03 0.0000E+00 0.0000E+00 0.0000E+00 0.0000E+00 0.0000E+00 0.0000E+00 0.0000E+00
   0.0525 8.5607E-03 6.8485E-02 0.0000E+00 8.5607E-03 0.0000E+00 0.0000E+00 0.0000E+00 0.0000E+00 0.0000E+00 0.0000E+00 0.0000E+00
   0.0575 1.7121E-02 1.7121E-02 0.0000E+00 1.7121E-02 0.0000E+00 0.0000E+00 0.0000E+00 0.0000E+00 0.0000E+00 0.0000E+00 0.0000E+00
   0.0725 8.5607E-03 0.0000E+00 0.0000E+00 0.0000E+00 0.0000E+00 0.0000E+00 0.0000E+00 0.0000E+00 0.0000E+00 0.0000E+00 0.0000E+00

          Spectra ( dS/dT/dO ) of produced particles at theta= 45.00+/-  5.00
  T(GeV)      He6        Li6        Li7        Be7        Be9        Be10         B8         B10        B11        C10    C11     
   0.0010 3.3914E+01 2.1771E+02 5.0413E+02 9.1042E+01 0.0000E+00 0.0000E+00 2.4213E-01 0.0000E+00 0.0000E+00 0.0000E+00 0.0000E+00
   0.0030 4.1889E+01 2.0117E+02 1.9979E+02 7.3654E+01 0.0000E+00 0.0000E+00 3.4807E-01 0.0000E+00 0.0000E+00 0.0000E+00 0.0000E+00
   0.0050 3.5276E+01 1.0468E+02 7.6272E+01 2.6574E+01 0.0000E+00 0.0000E+00 1.8160E-01 0.0000E+00 0.0000E+00 0.0000E+00 0.0000E+00
   0.0070 2.4077E+01 6.1441E+01 3.1810E+01 1.1047E+01 0.0000E+00 0.0000E+00 1.6647E-01 0.0000E+00 0.0000E+00 0.0000E+00 0.0000E+00
   0.0090 1.3226E+01 3.7954E+01 1.5164E+01 5.4782E+00 0.0000E+00 0.0000E+00 9.0800E-02 0.0000E+00 0.0000E+00 0.0000E+00 0.0000E+00
   0.0110 7.6423E+00 2.4576E+01 8.1720E+00 3.4201E+00 0.0000E+00 0.0000E+00 9.0800E-02 0.0000E+00 0.0000E+00 0.0000E+00 0.0000E+00
   0.0130 4.7972E+00 1.5784E+01 4.9334E+00 1.9976E+00 0.0000E+00 0.0000E+00 7.5666E-02 0.0000E+00 0.0000E+00 0.0000E+00 0.0000E+00
   0.0150 3.0872E+00 9.3070E+00 2.9359E+00 1.2863E+00 0.0000E+00 0.0000E+00 4.5400E-02 0.0000E+00 0.0000E+00 0.0000E+00 0.0000E+00
   0.0170 2.1641E+00 6.5376E+00 2.0279E+00 8.7773E-01 0.0000E+00 0.0000E+00 4.5400E-02 0.0000E+00 0.0000E+00 0.0000E+00 0.0000E+00
   0.0190 9.9880E-01 4.7216E+00 1.3317E+00 7.8693E-01 0.0000E+00 0.0000E+00 0.0000E+00 0.0000E+00 0.0000E+00 0.0000E+00 0.0000E+00
   0.0225 6.2349E-01 2.2518E+00 5.8112E-01 3.7530E-01 0.0000E+00 0.0000E+00 0.0000E+00 0.0000E+00 0.0000E+00 0.0000E+00 0.0000E+00
   0.0275 2.4819E-01 1.1743E+00 2.1187E-01 1.6949E-01 0.0000E+00 0.0000E+00 0.0000E+00 0.0000E+00 0.0000E+00 0.0000E+00 0.0000E+00
   0.0325 1.2712E-01 4.7216E-01 1.0896E-01 4.2373E-02 0.0000E+00 0.0000E+00 0.0000E+00 0.0000E+00 0.0000E+00 0.0000E+00 0.0000E+00
   0.0375 8.4746E-02 2.6029E-01 4.2373E-02 3.6320E-02 0.0000E+00 0.0000E+00 0.0000E+00 0.0000E+00 0.0000E+00 0.0000E+00 0.0000E+00
   0.0425 3.0267E-02 9.6853E-02 6.0533E-03 6.0533E-03 0.0000E+00 0.0000E+00 0.0000E+00 0.0000E+00 0.0000E+00 0.0000E+00 0.0000E+00
   0.0475 1.2107E-02 4.2373E-02 6.0533E-03 6.0533E-03 0.0000E+00 0.0000E+00 0.0000E+00 0.0000E+00 0.0000E+00 0.0000E+00 0.0000E+00
   0.0525 1.2107E-02 3.0267E-02 0.0000E+00 1.2107E-02 0.0000E+00 0.0000E+00 0.0000E+00 0.0000E+00 0.0000E+00 0.0000E+00 0.0000E+00
   0.0575 0.0000E+00 6.0533E-03 0.0000E+00 0.0000E+00 0.0000E+00 0.0000E+00 0.0000E+00 0.0000E+00 0.0000E+00 0.0000E+00 0.0000E+00
   0.0625 0.0000E+00 6.0533E-03 0.0000E+00 0.0000E+00 0.0000E+00 0.0000E+00 0.0000E+00 0.0000E+00 0.0000E+00 0.0000E+00 0.0000E+00
   0.0675 0.0000E+00 6.0533E-03 0.0000E+00 0.0000E+00 0.0000E+00 0.0000E+00 0.0000E+00 0.0000E+00 0.0000E+00 0.0000E+00 0.0000E+00

          Spectra ( dS/dT/dO ) of produced particles at theta=120.00+/-  5.00
  T(GeV)      He6        Li6        Li7        Be7        Be9        Be10         B8         B10        B11        C10    C11     
   0.0010 3.5808E+01 2.2571E+02 5.9336E+02 9.4328E+01 0.0000E+00 0.0000E+00 1.6063E-01 0.0000E+00 0.0000E+00 0.0000E+00 0.0000E+00
   0.0030 4.5656E+01 2.1688E+02 2.3107E+02 8.0402E+01 0.0000E+00 0.0000E+00 3.7069E-02 0.0000E+00 0.0000E+00 0.0000E+00 0.0000E+00
   0.0050 3.8502E+01 1.1347E+02 7.7276E+01 2.8086E+01 0.0000E+00 0.0000E+00 3.7069E-02 0.0000E+00 0.0000E+00 0.0000E+00 0.0000E+00
   0.0070 2.6517E+01 6.1386E+01 3.0396E+01 7.9080E+00 0.0000E+00 0.0000E+00 1.2356E-02 0.0000E+00 0.0000E+00 0.0000E+00 0.0000E+00
   0.0090 1.4136E+01 3.5685E+01 1.1121E+01 2.8914E+00 0.0000E+00 0.0000E+00 0.0000E+00 0.0000E+00 0.0000E+00 0.0000E+00 0.0000E+00
   0.0110 7.9204E+00 2.0091E+01 4.6583E+00 1.5692E+00 0.0000E+00 0.0000E+00 0.0000E+00 0.0000E+00 0.0000E+00 0.0000E+00 0.0000E+00
   0.0130 3.3856E+00 1.2270E+01 1.7052E+00 7.6609E-01 0.0000E+00 0.0000E+00 0.0000E+00 0.0000E+00 0.0000E+00 0.0000E+00 0.0000E+00
   0.0150 2.3848E+00 7.2531E+00 1.0626E+00 3.4598E-01 0.0000E+00 0.0000E+00 0.0000E+00 0.0000E+00 0.0000E+00 0.0000E+00 0.0000E+00
   0.0170 1.0997E+00 3.6080E+00 6.3017E-01 2.3477E-01 0.0000E+00 0.0000E+00 0.0000E+00 0.0000E+00 0.0000E+00 0.0000E+00 0.0000E+00
   0.0190 7.5373E-01 2.2736E+00 3.8304E-01 1.4828E-01 0.0000E+00 0.0000E+00 0.0000E+00 0.0000E+00 0.0000E+00 0.0000E+00 0.0000E+00
   0.0225 3.1138E-01 1.1961E+00 1.8782E-01 6.9195E-02 0.0000E+00 0.0000E+00 0.0000E+00 0.0000E+00 0.0000E+00 0.0000E+00 0.0000E+00
   0.0275 1.5322E-01 3.2126E-01 5.4368E-02 9.8850E-03 0.0000E+00 0.0000E+00 0.0000E+00 0.0000E+00 0.0000E+00 0.0000E+00 0.0000E+00
   0.0325 6.4253E-02 1.5322E-01 1.4828E-02 1.4828E-02 0.0000E+00 0.0000E+00 0.0000E+00 0.0000E+00 0.0000E+00 0.0000E+00 0.0000E+00
   0.0375 1.9770E-02 8.8965E-02 4.9425E-03 9.8850E-03 0.0000E+00 0.0000E+00 0.0000E+00 0.0000E+00 0.0000E+00 0.0000E+00 0.0000E+00
   0.0425 4.9425E-03 3.4598E-02 0.0000E+00 0.0000E+00 0.0000E+00 0.0000E+00 0.0000E+00 0.0000E+00 0.0000E+00 0.0000E+00 0.0000E+00
   0.0475 0.0000E+00 1.4828E-02 0.0000E+00 0.0000E+00 0.0000E+00 0.0000E+00 0.0000E+00 0.0000E+00 0.0000E+00 0.0000E+00 0.0000E+00
   0.0525 0.0000E+00 4.9425E-03 0.0000E+00 0.0000E+00 0.0000E+00 0.0000E+00 0.0000E+00 0.0000E+00 0.0000E+00 0.0000E+00 0.0000E+00
   0.0575 0.0000E+00 4.9425E-03 0.0000E+00 0.0000E+00 0.0000E+00 0.0000E+00 0.0000E+00 0.0000E+00 0.0000E+00 0.0000E+00 0.0000E+00

          Spectra ( dS/dT/dO ) of produced particles at theta=160.00+/-  5.00
  T(GeV)      He6        Li6        Li7        Be7        Be9        Be10         B8         B10        B11        C10    C11     
   0.0010 3.4791E+01 2.2730E+02 6.6529E+02 9.4268E+01 0.0000E+00 0.0000E+00 6.2574E-02 0.0000E+00 0.0000E+00 0.0000E+00 0.0000E+00
   0.0030 4.7525E+01 2.2242E+02 2.4457E+02 8.1190E+01 0.0000E+00 0.0000E+00 0.0000E+00 0.0000E+00 0.0000E+00 0.0000E+00 0.0000E+00
   0.0050 4.1800E+01 1.1936E+02 7.9125E+01 2.5906E+01 0.0000E+00 0.0000E+00 0.0000E+00 0.0000E+00 0.0000E+00 0.0000E+00 0.0000E+00
   0.0070 2.8409E+01 6.3231E+01 2.7846E+01 7.2586E+00 0.0000E+00 0.0000E+00 0.0000E+00 0.0000E+00 0.0000E+00 0.0000E+00 0.0000E+00
   0.0090 1.6050E+01 3.3446E+01 1.0200E+01 1.8147E+00 0.0000E+00 0.0000E+00 0.0000E+00 0.0000E+00 0.0000E+00 0.0000E+00 0.0000E+00
   0.0110 7.3525E+00 1.9304E+01 3.1600E+00 4.6931E-01 0.0000E+00 0.0000E+00 0.0000E+00 0.0000E+00 0.0000E+00 0.0000E+00 0.0000E+00
   0.0130 3.7857E+00 1.1013E+01 7.5089E-01 1.8772E-01 0.0000E+00 0.0000E+00 0.0000E+00 0.0000E+00 0.0000E+00 0.0000E+00 0.0000E+00
   0.0150 1.4705E+00 5.5691E+00 3.7545E-01 3.1287E-02 0.0000E+00 0.0000E+00 0.0000E+00 0.0000E+00 0.0000E+00 0.0000E+00 0.0000E+00
   0.0170 9.0733E-01 2.9097E+00 1.5644E-01 1.5644E-01 0.0000E+00 0.0000E+00 0.0000E+00 0.0000E+00 0.0000E+00 0.0000E+00 0.0000E+00
   0.0190 7.8218E-01 1.5018E+00 6.2574E-02 3.1287E-02 0.0000E+00 0.0000E+00 0.0000E+00 0.0000E+00 0.0000E+00 0.0000E+00 0.0000E+00
   0.0225 2.3778E-01 5.1311E-01 1.0012E-01 1.2515E-02 0.0000E+00 0.0000E+00 0.0000E+00 0.0000E+00 0.0000E+00 0.0000E+00 0.0000E+00
   0.0275 8.7604E-02 2.0024E-01 1.2515E-02 3.7545E-02 0.0000E+00 0.0000E+00 0.0000E+00 0.0000E+00 0.0000E+00 0.0000E+00 0.0000E+00
   0.0325 6.2574E-02 6.2574E-02 0.0000E+00 0.0000E+00 0.0000E+00 0.0000E+00 0.0000E+00 0.0000E+00 0.0000E+00 0.0000E+00 0.0000E+00
   0.0375 1.2515E-02 5.0059E-02 0.0000E+00 0.0000E+00 0.0000E+00 0.0000E+00 0.0000E+00 0.0000E+00 0.0000E+00 0.0000E+00 0.0000E+00
   0.0425 0.0000E+00 2.5030E-02 0.0000E+00 0.0000E+00 0.0000E+00 0.0000E+00 0.0000E+00 0.0000E+00 0.0000E+00 0.0000E+00 0.0000E+00

          Angle integrated spectra of produced particles
              He6        Li6        Li7        Be7        Be9        Be10         B8         B10        B11        C10    C11     
   0.0010 4.3116E+02 2.7918E+03 6.9653E+03 1.1742E+03 0.0000E+00 0.0000E+00 3.4574E+00 0.0000E+00 0.0000E+00 0.0000E+00 0.0000E+00
   0.0030 5.4267E+02 2.6328E+03 2.7380E+03 9.7549E+02 0.0000E+00 0.0000E+00 3.6214E+00 0.0000E+00 0.0000E+00 0.0000E+00 0.0000E+00
   0.0050 4.6526E+02 1.3756E+03 9.6237E+02 3.4424E+02 0.0000E+00 0.0000E+00 2.4963E+00 0.0000E+00 0.0000E+00 0.0000E+00 0.0000E+00
   0.0070 3.1677E+02 7.6995E+02 3.9572E+02 1.2050E+02 0.0000E+00 0.0000E+00 1.7931E+00 0.0000E+00 0.0000E+00 0.0000E+00 0.0000E+00
   0.0090 1.7213E+02 4.6319E+02 1.7062E+02 5.1134E+01 0.0000E+00 0.0000E+00 9.9619E-01 0.0000E+00 0.0000E+00 0.0000E+00 0.0000E+00
   0.0110 9.4029E+01 2.8374E+02 7.4949E+01 2.8479E+01 0.0000E+00 0.0000E+00 5.8599E-01 0.0000E+00 0.0000E+00 0.0000E+00 0.0000E+00
   0.0130 5.2435E+01 1.7056E+02 3.8371E+01 1.7345E+01 0.0000E+00 0.0000E+00 3.5160E-01 0.0000E+00 0.0000E+00 0.0000E+00 0.0000E+00
   0.0150 3.0612E+01 1.0108E+02 2.3147E+01 1.0138E+01 0.0000E+00 0.0000E+00 1.7580E-01 0.0000E+00 0.0000E+00 0.0000E+00 0.0000E+00
   0.0170 1.8529E+01 6.1940E+01 1.4111E+01 6.8093E+00 0.0000E+00 0.0000E+00 1.8752E-01 0.0000E+00 0.0000E+00 0.0000E+00 0.0000E+00
   0.0190 1.1861E+01 3.9308E+01 9.2353E+00 4.6645E+00 0.0000E+00 0.0000E+00 9.3759E-02 0.0000E+00 0.0000E+00 0.0000E+00 0.0000E+00
   0.0225 5.7006E+00 2.0632E+01 4.9317E+00 2.3346E+00 0.0000E+00 0.0000E+00 2.8128E-02 0.0000E+00 0.0000E+00 0.0000E+00 0.0000E+00
   0.0275 2.3955E+00 8.8180E+00 1.7486E+00 9.4228E-01 0.0000E+00 0.0000E+00 4.6880E-03 0.0000E+00 0.0000E+00 0.0000E+00 0.0000E+00
   0.0325 1.1626E+00 4.1301E+00 6.3287E-01 4.1723E-01 0.0000E+00 0.0000E+00 4.6880E-03 0.0000E+00 0.0000E+00 0.0000E+00 0.0000E+00
   0.0375 5.6255E-01 2.1049E+00 2.8597E-01 1.9689E-01 0.0000E+00 0.0000E+00 0.0000E+00 0.0000E+00 0.0000E+00 0.0000E+00 0.0000E+00
   0.0425 2.8128E-01 8.2977E-01 8.9071E-02 4.6880E-02 0.0000E+00 0.0000E+00 0.0000E+00 0.0000E+00 0.0000E+00 0.0000E+00 0.0000E+00
   0.0475 8.9071E-02 4.3129E-01 2.8128E-02 4.6880E-02 0.0000E+00 0.0000E+00 0.0000E+00 0.0000E+00 0.0000E+00 0.0000E+00 0.0000E+00
   0.0525 7.5007E-02 2.3909E-01 9.3759E-03 1.8752E-02 0.0000E+00 0.0000E+00 0.0000E+00 0.0000E+00 0.0000E+00 0.0000E+00 0.0000E+00
   0.0575 2.8128E-02 7.9695E-02 9.3759E-03 1.4064E-02 0.0000E+00 0.0000E+00 0.0000E+00 0.0000E+00 0.0000E+00 0.0000E+00 0.0000E+00
   0.0625 4.6880E-03 7.5007E-02 4.6880E-03 4.6880E-03 0.0000E+00 0.0000E+00 0.0000E+00 0.0000E+00 0.0000E+00 0.0000E+00 0.0000E+00
   0.0675 0.0000E+00 4.2192E-02 0.0000E+00 0.0000E+00 0.0000E+00 0.0000E+00 0.0000E+00 0.0000E+00 0.0000E+00 0.0000E+00 0.0000E+00
   0.0725 4.6880E-03 1.4064E-02 0.0000E+00 0.0000E+00 0.0000E+00 0.0000E+00 0.0000E+00 0.0000E+00 0.0000E+00 0.0000E+00 0.0000E+00
   0.0775 0.0000E+00 9.3759E-03 0.0000E+00 0.0000E+00 0.0000E+00 0.0000E+00 0.0000E+00 0.0000E+00 0.0000E+00 0.0000E+00 0.0000E+00
   0.0825 4.6880E-03 4.6880E-03 0.0000E+00 0.0000E+00 0.0000E+00 0.0000E+00 0.0000E+00 0.0000E+00 0.0000E+00 0.0000E+00 0.0000E+00
   0.0875 0.0000E+00 4.6880E-03 0.0000E+00 0.0000E+00 0.0000E+00 0.0000E+00 0.0000E+00 0.0000E+00 0.0000E+00 0.0000E+00 0.0000E+00
   0.0975 0.0000E+00 4.6880E-03 0.0000E+00 0.0000E+00 0.0000E+00 0.0000E+00 0.0000E+00 0.0000E+00 0.0000E+00 0.0000E+00 0.0000E+00
   0.1050 0.0000E+00 2.3440E-03 0.0000E+00 0.0000E+00 0.0000E+00 0.0000E+00 0.0000E+00 0.0000E+00 0.0000E+00 0.0000E+00 0.0000E+00

          Energy integ. ang. distrib. of prod. particles
 theta      He6        Li6        Li7        Be7        Be9        Be10         B8         B10        B11        C10    C11     
   5.0000 3.2634E-01 1.3709E+00 1.6717E+00 4.2580E-01 0.0000E+00 0.0000E+00 3.9289E-03 0.0000E+00 0.0000E+00 0.0000E+00 0.0000E+00
  15.0000 3.2621E-01 1.3841E+00 1.7119E+00 4.3131E-01 0.0000E+00 0.0000E+00 2.5634E-03 0.0000E+00 0.0000E+00 0.0000E+00 0.0000E+00
  25.0000 3.3286E-01 1.3682E+00 1.7052E+00 4.3039E-01 0.0000E+00 0.0000E+00 2.6840E-03 0.0000E+00 0.0000E+00 0.0000E+00 0.0000E+00
  35.0000 3.2589E-01 1.3796E+00 1.6935E+00 4.3615E-01 0.0000E+00 0.0000E+00 2.5373E-03 0.0000E+00 0.0000E+00 0.0000E+00 0.0000E+00
  45.0000 3.3983E-01 1.3895E+00 1.6979E+00 4.3557E-01 0.0000E+00 0.0000E+00 2.5727E-03 0.0000E+00 0.0000E+00 0.0000E+00 0.0000E+00
  55.0000 3.3745E-01 1.4005E+00 1.7093E+00 4.4663E-01 0.0000E+00 0.0000E+00 3.3442E-03 0.0000E+00 0.0000E+00 0.0000E+00 0.0000E+00
  65.0000 3.3079E-01 1.3977E+00 1.7248E+00 4.3965E-01 0.0000E+00 0.0000E+00 3.3532E-03 0.0000E+00 0.0000E+00 0.0000E+00 0.0000E+00
  75.0000 3.3977E-01 1.3853E+00 1.7305E+00 4.4579E-01 0.0000E+00 0.0000E+00 4.0104E-03 0.0000E+00 0.0000E+00 0.0000E+00 0.0000E+00
  85.0000 3.4230E-01 1.4082E+00 1.7500E+00 4.3936E-01 0.0000E+00 0.0000E+00 4.7264E-03 0.0000E+00 0.0000E+00 0.0000E+00 0.0000E+00
  95.0000 3.4098E-01 1.4029E+00 1.7634E+00 4.3828E-01 0.0000E+00 0.0000E+00 2.9647E-03 0.0000E+00 0.0000E+00 0.0000E+00 0.0000E+00
 105.0000 3.4897E-01 1.3985E+00 1.8219E+00 4.4198E-01 0.0000E+00 0.0000E+00 1.1965E-03 0.0000E+00 0.0000E+00 0.0000E+00 0.0000E+00
 115.0000 3.5367E-01 1.3993E+00 1.8621E+00 4.3542E-01 0.0000E+00 0.0000E+00 7.5565E-04 0.0000E+00 0.0000E+00 0.0000E+00 0.0000E+00
 125.0000 3.5464E-01 1.4033E+00 1.9508E+00 4.3247E-01 0.0000E+00 0.0000E+00 4.1803E-04 0.0000E+00 0.0000E+00 0.0000E+00 0.0000E+00
 135.0000 3.5397E-01 1.4170E+00 1.9866E+00 4.3151E-01 0.0000E+00 0.0000E+00 1.5133E-04 0.0000E+00 0.0000E+00 0.0000E+00 0.0000E+00
 145.0000 3.5779E-01 1.4056E+00 2.0477E+00 4.2712E-01 0.0000E+00 0.0000E+00 1.8656E-04 0.0000E+00 0.0000E+00 0.0000E+00 0.0000E+00
 155.0000 3.6289E-01 1.4142E+00 2.0778E+00 4.2219E-01 0.0000E+00 0.0000E+00 2.0256E-04 0.0000E+00 0.0000E+00 0.0000E+00 0.0000E+00
 165.0000 3.5813E-01 1.3952E+00 2.0643E+00 4.2461E-01 0.0000E+00 0.0000E+00 2.4807E-04 0.0000E+00 0.0000E+00 0.0000E+00 0.0000E+00
 175.0000 3.5630E-01 1.3982E+00 2.1157E+00 4.2186E-01 0.0000E+00 0.0000E+00 2.4555E-04 0.0000E+00 0.0000E+00 0.0000E+00 0.0000E+00


 *************** Nuclide yields [mb]  (zero values suppressed) *****************
 (normalized to the Total Reaction Cross Section.)

                 Z =   6.                Z =   5.                Z =   4.
 A =   8 0.000E+00 +/- 0.00E+00 2.771E-02 +/- 8.06E-04 0.000E+00 +/- 0.00E+00
 A =   7 0.000E+00 +/- 0.00E+00 0.000E+00 +/- 0.00E+00 5.486E+00 +/- 1.13E-02
 S =   2 0.000E+00 +/- 0.00E+00 2.771E-02 +/- 8.06E-04 5.486E+00 +/- 1.13E-02

                 Z =   3.                Z =   2.                Z =   1.
 A =   9 6.329E-04 +/- 1.22E-04 0.000E+00 +/- 0.00E+00 0.000E+00 +/- 0.00E+00
 A =   8 1.211E+00 +/- 5.33E-03 1.477E-03 +/- 1.86E-04 0.000E+00 +/- 0.00E+00
 A =   7 2.282E+01 +/- 2.31E-02 0.000E+00 +/- 0.00E+00 0.000E+00 +/- 0.00E+00
 A =   6 1.757E+01 +/- 2.03E-02 4.322E+00 +/- 1.01E-02 0.000E+00 +/- 0.00E+00
 A =   4 0.000E+00 +/- 0.00E+00 1.340E+02 +/- 5.60E-02 0.000E+00 +/- 0.00E+00
 A =   3 0.000E+00 +/- 0.00E+00 3.679E+01 +/- 2.94E-02 5.752E+01 +/- 3.67E-02
 A =   2 0.000E+00 +/- 0.00E+00 0.000E+00 +/- 0.00E+00 1.066E+02 +/- 5.00E-02
 S =   7 4.160E+01 +/- 3.12E-02 1.751E+02 +/- 6.41E-02 2.469E+02 +/- 7.61E-02

                 Z =   0.                Z =   0.                Z =   0.
 A =   1 2.100E+02 +/- 7.02E-02 0.000E+00 +/- 0.00E+00 0.000E+00 +/- 0.00E+00
 S =   1 2.344E-05 +/- 2.34E-05 1.630-314 +/- 6.18-160 1.630-314 +/- 6.18-160
 End of nuclide yields.

Mass-Yield [mb] and Kinetic Energy [MeV] Distributions of Residual Nuclei
 A =   9 6.329E-04+/-1.22E-04     1.862E+00
 A =   8 1.240E+00+/-5.39E-03     1.633E+00
 A =   7 2.831E+01+/-2.58E-02     2.401E+00
 A =   6 2.189E+01+/-2.27E-02     4.527E+00
 A =   4 1.340E+02+/-5.60E-02     5.875E+00
 A =   3 9.430E+01+/-4.70E-02     1.285E+01
 A =   2 1.066E+02+/-5.00E-02     1.703E+01
 A =   1 2.928E+02+/-8.28E-02     1.794E+01
 S =   8 6.792E+02+/-1.26E-01     1.360E+01

Charge-Yield [mb] and Kinetic Energy [MeV] Distributions of Residual Nuclei
 Z =  5 2.771E-02+/-8.06E-04     4.973E+00
 Z =  4 5.486E+00+/-1.13E-02     2.976E+00
 Z =  3 4.160E+01+/-3.12E-02     3.115E+00
 Z =  2 1.751E+02+/-6.41E-02     7.240E+00
 Z =  1 2.469E+02+/-7.61E-02     1.811E+01
 S =  5 4.691E+02+/-1.05E-01     1.254E+01

 *************** Nuclide yields [mb] in Forward direction (theta_lab < 90) (zero values suppressed) *******

                 Z =   6.               Z =   5.               Z =   4.
 A =   8 0.000E+00 +/- 0.00E+00 2.166E-02 +/- 7.13E-04 0.000E+00 +/- 0.00E+00
 A =   7 0.000E+00 +/- 0.00E+00 0.000E+00 +/- 0.00E+00 2.762E+00 +/- 8.05E-03
 S =   2 0.000E+00 +/- 0.00E+00 2.166E-02 +/- 7.13E-04 2.762E+00 +/- 8.05E-03

                 Z =   3.               Z =   2.               Z =   1.
 A =   9 6.329E-04 +/- 1.22E-04 0.000E+00 +/- 0.00E+00 0.000E+00 +/- 0.00E+00
 A =   8 5.693E-01 +/- 3.65E-03 1.149E-03 +/- 1.64E-04 0.000E+00 +/- 0.00E+00
 A =   7 1.080E+01 +/- 1.59E-02 0.000E+00 +/- 0.00E+00 0.000E+00 +/- 0.00E+00
 A =   6 8.745E+00 +/- 1.43E-02 2.110E+00 +/- 7.03E-03 0.000E+00 +/- 0.00E+00
 A =   4 0.000E+00 +/- 0.00E+00 6.632E+01 +/- 3.94E-02 0.000E+00 +/- 0.00E+00
 A =   3 0.000E+00 +/- 0.00E+00 1.864E+01 +/- 2.09E-02 2.908E+01 +/- 2.61E-02
 A =   2 0.000E+00 +/- 0.00E+00 0.000E+00 +/- 0.00E+00 5.428E+01 +/- 3.57E-02
 A =   1 0.000E+00 +/- 0.00E+00 0.000E+00 +/- 0.00E+00 4.202E+01 +/- 3.14E-02
 S =   8 2.011E+01 +/- 2.17E-02 8.707E+01 +/- 4.52E-02 1.254E+02 +/- 5.42E-02

                 Z =   0.
 A =   1 1.057E+02 +/- 4.98E-02
 S =   1 1.057E+02 +/- 4.98E-02

 End of nuclide yields (Forward direction).

Mass Yield[mb] and Mean Kin. Energy[MeV] of Resid. Nucl. produced in Forward direction:
 A =   9 6.329E-04+/-1.22E-04     1.862E+00+/-1.32E+00
 A =   8 5.921E-01+/-3.73E-03     1.978E+00+/-2.48E+00
 A =   7 1.356E+01+/-1.78E-02     2.575E+00+/-2.89E+00
 A =   6 1.085E+01+/-1.60E-02     4.739E+00+/-4.64E+00
 A =   4 6.632E+01+/-3.94E-02     6.046E+00+/-6.45E+00
 A =   3 4.772E+01+/-3.34E-02     1.322E+01+/-1.26E+01
 A =   2 5.428E+01+/-3.57E-02     1.740E+01+/-1.68E+01
 A =   1 1.477E+02+/-5.88E-02     1.823E+01+/-2.08E+01
 S =   8 3.410E+02+/-8.94E-02     1.394E+01+/-1.71E+01

Charge Yield[mb] and Mean Kin. Energy[MeV] of Resid. Nucl. produced in Forward direction:
 Z =  5 2.166E-02+/-7.13E-04     5.330E+00+/-4.44E+00
 Z =  4 2.762E+00+/-8.05E-03     3.191E+00+/-1.88E+00
 Z =  3 2.011E+01+/-2.17E-02     3.330E+00+/-1.83E+00
 Z =  2 8.707E+01+/-4.52E-02     7.484E+00+/-6.20E+00
 Z =  1 1.254E+02+/-5.42E-02     1.846E+01+/-1.74E+01
 Z =*** 1.057E+02+/-4.98E-02     1.622E+01+/-1.49E+01
 S =  6 3.410E+02+/-8.94E-02     1.394E+01+/-1.71E+01

 *************** Nuclide yields [mb] in Backward direction (theta_lab > 90) (zero values suppressed) *******

                 Z =   6.               Z =   5.               Z =   4.
 A =   8 0.000E+00 +/- 0.00E+00 6.047E-03 +/- 3.76E-04 0.000E+00 +/- 0.00E+00
 A =   7 0.000E+00 +/- 0.00E+00 0.000E+00 +/- 0.00E+00 2.725E+00 +/- 7.99E-03
 S =   2 0.000E+00 +/- 0.00E+00 6.047E-03 +/- 3.76E-04 2.725E+00 +/- 7.99E-03

                 Z =   3.               Z =   2.               Z =   1.
 A =   8 6.417E-01 +/- 3.88E-03 3.282E-04 +/- 8.77E-05 0.000E+00 +/- 0.00E+00
 A =   7 1.202E+01 +/- 1.68E-02 0.000E+00 +/- 0.00E+00 0.000E+00 +/- 0.00E+00
 A =   6 8.822E+00 +/- 1.44E-02 2.213E+00 +/- 7.20E-03 0.000E+00 +/- 0.00E+00
 A =   4 0.000E+00 +/- 0.00E+00 6.769E+01 +/- 3.98E-02 0.000E+00 +/- 0.00E+00
 A =   3 0.000E+00 +/- 0.00E+00 1.814E+01 +/- 2.06E-02 2.844E+01 +/- 2.58E-02
 A =   2 0.000E+00 +/- 0.00E+00 0.000E+00 +/- 0.00E+00 5.233E+01 +/- 3.50E-02
 A =   1 0.000E+00 +/- 0.00E+00 0.000E+00 +/- 0.00E+00 4.077E+01 +/- 3.09E-02
 S =   7 2.149E+01 +/- 2.24E-02 8.805E+01 +/- 4.54E-02 1.215E+02 +/- 5.34E-02

                 Z =   0.
 A =   1 1.043E+02 +/- 4.95E-02
 S =   1 1.043E+02 +/- 4.95E-02

 End of nuclide yields (Backward direction).

Mass Yield[mb] and Mean Kin. Energy[MeV] of Resid. Nucl. produced in Backward direction:
 A =   8 6.481E-01+/-3.90E-03     1.318E+00+/-1.09E+00
 A =   7 1.475E+01+/-1.86E-02     2.240E+00+/-2.17E+00
 A =   6 1.103E+01+/-1.61E-02     4.319E+00+/-3.83E+00
 A =   4 6.769E+01+/-3.98E-02     5.708E+00+/-5.86E+00
 A =   3 4.658E+01+/-3.30E-02     1.248E+01+/-1.17E+01
 A =   2 5.233E+01+/-3.50E-02     1.665E+01+/-1.60E+01
 A =   1 1.451E+02+/-5.83E-02     1.765E+01+/-2.01E+01
 S =   7 3.381E+02+/-8.90E-02     1.325E+01+/-1.64E+01

Charge Yield[mb] and Mean Kin. Energy[MeV] of Resid. Nucl. produced in Backward direction:
 Z =  5 6.047E-03+/-3.76E-04     3.694E+00+/-3.29E+00
 Z =  4 2.725E+00+/-7.99E-03     2.758E+00+/-2.36E+00
 Z =  3 2.149E+01+/-2.24E-02     2.913E+00+/-3.07E+00
 Z =  2 8.805E+01+/-4.54E-02     6.999E+00+/-7.89E+00
 Z =  1 1.215E+02+/-5.34E-02     1.775E+01+/-1.78E+01
 Z =*** 1.043E+02+/-4.95E-02     1.570E+01+/-1.89E+01
 S =  6 3.381E+02+/-8.90E-02     1.325E+01+/-1.64E+01

 *************** Nuclide average kinetic energies (MeV (zero yield suppressed) *******

                 Z =   6.               Z =   5.               Z =   4.
 A =   8 0.000E+00 +/- 0.00E+00 4.973E+00 +/- 4.08E+00 0.000E+00 +/- 0.00E+00
 A =   7 0.000E+00 +/- 0.00E+00 0.000E+00 +/- 0.00E+00 2.976E+00 +/- 2.89E+00
 S =   2 0.000E+00 +/- 0.00E+00 4.973E+00 +/- 4.08E+00 2.976E+00 +/- 2.89E+00

                 Z =   3.               Z =   2.               Z =   1.
 A =   9 1.862E+00 +/- 1.32E+00 0.000E+00 +/- 0.00E+00 0.000E+00 +/- 0.00E+00
 A =   8 1.552E+00 +/- 1.75E+00 5.374E+00 +/- 3.55E+00 0.000E+00 +/- 0.00E+00
 A =   7 2.262E+00 +/- 2.44E+00 0.000E+00 +/- 0.00E+00 0.000E+00 +/- 0.00E+00
 A =   6 4.330E+00 +/- 4.22E+00 5.329E+00 +/- 4.31E+00 0.000E+00 +/- 0.00E+00
 A =   4 0.000E+00 +/- 0.00E+00 5.875E+00 +/- 6.16E+00 0.000E+00 +/- 0.00E+00
 A =   3 0.000E+00 +/- 0.00E+00 1.244E+01 +/- 1.24E+01 1.312E+01 +/- 1.20E+01
 A =   2 0.000E+00 +/- 0.00E+00 0.000E+00 +/- 0.00E+00 1.703E+01 +/- 1.64E+01
 A =   1 0.000E+00 +/- 0.00E+00 0.000E+00 +/- 0.00E+00 2.296E+01 +/- 2.24E+01
 S =   8 3.115E+00 +/- 3.46E+00 7.240E+00 +/- 8.30E+00 1.811E+01 +/- 1.82E+01

                 Z =   0.
 A =   1 1.596E+01 +/- 1.93E+01
 S =   1 1.596E+01 +/- 1.93E+01

 End of nuclide average kinetic energies.

Mass Yield[mb], Mean emiss. angle[deg.] and Mean z-velocity[1/c] of Resid. Nucl. and Forward/Backward ratio :
 A =   9 6.329E-04+/-1.22E-04   5.133E+01+/- 1.61E+01   1.094E-02+/- 3.16E-03   1.000E+00+/- 0.00E+00
 A =   8 1.240E+00+/-5.39E-03   9.292E+01+/- 4.02E+01   4.134E-05+/- 1.20E-02   9.136E-01+/- 1.12E-02
 A =   7 2.831E+01+/-2.58E-02   9.197E+01+/- 3.95E+01  -2.946E-04+/- 1.56E-02   9.194E-01+/- 2.37E-03
 A =   6 2.189E+01+/-2.27E-02   9.039E+01+/- 3.91E+01   1.955E-04+/- 2.31E-02   9.837E-01+/- 2.88E-03
 A =   4 1.340E+02+/-5.60E-02   9.047E+01+/- 3.91E+01   4.204E-05+/- 3.23E-02   9.798E-01+/- 1.16E-03
 A =   3 9.430E+01+/-4.70E-02   8.950E+01+/- 3.91E+01   1.387E-03+/- 5.49E-02   1.024E+00+/- 1.44E-03
 A =   2 1.066E+02+/-5.00E-02   8.917E+01+/- 3.92E+01   2.296E-03+/- 7.68E-02   1.037E+00+/- 1.38E-03
 A =   1 2.928E+02+/-8.28E-02   8.961E+01+/- 3.92E+01   1.783E-03+/- 1.09E-01   1.018E+00+/- 8.15E-04
 S =   8 6.792E+02+/-1.26E-01   8.982E+01+/- 3.92E+01   1.324E-03+/- 8.21E-02   1.009E+00+/- 5.30E-04

Charge Yield[mb], Mean emiss. angle[deg.] and Mean z-velocity[1/c] of Resid. Nucl. and Forward/Backward ratio :
 Z =  5 2.771E-02+/-8.06E-04   7.086E+01+/- 2.71E+01   1.131E-02+/- 1.51E-02   5.168E+00+/- 2.41E-01
 Z =  4 5.486E+00+/-1.13E-02   8.974E+01+/- 3.89E+01   5.908E-04+/- 1.72E-02   1.173E+00+/- 3.98E-03
 Z =  3 4.160E+01+/-3.12E-02   9.157E+01+/- 3.94E+01  -1.444E-04+/- 1.86E-02   1.070E+00+/- 1.29E-03
 Z =  2 1.751E+02+/-6.41E-02   9.027E+01+/- 3.91E+01   3.383E-04+/- 3.77E-02   1.058E+00+/- 4.07E-04
 Z =  1 2.469E+02+/-7.61E-02   8.931E+01+/- 3.92E+01   2.228E-03+/- 9.15E-02   1.073E+00+/- 2.20E-04
 Z =*** 2.100E+02+/-7.02E-02   8.972E+01+/- 3.92E+01   1.392E-03+/- 1.03E-01   1.046E+00+/- 2.48E-04
 S =  6 6.792E+02+/-1.26E-01   8.982E+01+/- 3.92E+01   1.324E-03+/- 8.21E-02   1.009E+00+/- 5.30E-04

                         Mass distributions of residual nuclei
            After cascade After preco Dec. by evap Dec. by fiss. Before fission

   A =   1    1.000E+00    1.000E+00    1.000E+00    0.000E+00    0.000E+00
    <A> =     0.000E+00    0.000E+00    0.000E+00    0.000E+00    0.000E+00
    DisA=     0.000E+00    0.000E+00    0.000E+00    0.000E+00    0.000E+00
    norm=     1.000E+00    1.000E+00    1.000E+00    0.000E+00    0.000E+00

                         Charge distributions of residual nuclei
            After cascade After preco Dec. by evap Dec. by fiss. Before fission

    <Z> =     0.000E+00    0.000E+00    0.000E+00    0.000E+00    0.000E+00
    DisZ=     0.000E+00    0.000E+00    0.000E+00    0.000E+00    0.000E+00
    norm=     1.000E+00    1.000E+00    1.000E+00    0.000E+00    0.000E+00

                     Excitation energy distributions [1/MeV] of residual nuclei
      E*(MeV)   After cascade After preco Dec. by evap Dec. by fiss. Before fission

     0.-   10.    1.000E-01    1.000E-01    1.000E-01    0.000E+00    0.000E+00
       <E*> =     0.000E+00    0.000E+00    0.000E+00    0.000E+00    0.000E+00
       DisE*=     0.000E+00    0.000E+00    0.000E+00    0.000E+00    0.000E+00
        norm=     1.000E+00    1.000E+00    1.000E+00    0.000E+00    0.000E+00

                     Linear momentum per nucleon distributions [1/MeV/c] of residual nuclei
   P/A(MeV/c)   After cascade After preco Dec. by evap Dec. by fiss. Before fission

     0.-   10.    1.000E-01    1.000E-01    1.000E-01    0.000E+00    0.000E+00
      <P/A> =     0.000E+00    0.000E+00    0.000E+00    0.000E+00    0.000E+00
    Dis(P/A)=     0.000E+00    0.000E+00    0.000E+00    0.000E+00    0.000E+00
        norm=     1.000E+00    1.000E+00    1.000E+00    0.000E+00    0.000E+00

                     Angular momentum distributions [1/hc] of residual nuclei
       L(hc)    After cascade After preco Dec. by evap Dec. by fiss. Before fission

     0.-    1.    1.000E+00    1.000E+00    1.000E+00    0.000E+00    0.000E+00
        <L> =     0.000E+00    0.000E+00    0.000E+00    0.000E+00    0.000E+00
        DisL=     0.000E+00    0.000E+00    0.000E+00    0.000E+00    0.000E+00
        norm=     1.000E+00    1.000E+00    1.000E+00    0.000E+00    0.000E+00

                          Multiplicity distribution of neutrons produced:
  Nn After all stages At cascade stage At preeq. stage At evap. w/o fis. At prefiss stage At postfiss. stage
   0      9.026E-01        1.000E+00        1.000E+00        1.000E+00        0.000E+00        0.000E+00
   1      9.737E-02        0.000E+00        0.000E+00        0.000E+00        0.000E+00        0.000E+00
 <n>=     9.737E-02        0.000E+00        0.000E+00        0.000E+00        0.000E+00        0.000E+00
  Dn=     2.965E-01        0.000E+00        0.000E+00        0.000E+00        0.000E+00        0.000E+00
 norm=    1.000E+00        1.000E+00        1.000E+00        1.000E+00        0.000E+00        0.000E+00

  to 11:  NC=    10000000  NC1=    10000000  INE=             31971399


  EXEC TIME :  0.  0.  0.  0.

  TIME PER EVENT=     0.000 SEC
